-------------------------------------------------
The trace creation timestamp is: 周一 八月 29 18:40:39 22
The executable build timestamp is: 周四 三月 19 15:54:59 20
The datecode is: NA
The pro machine type is: NA
The process ID is: NA
The traceback type is : CRASH
The Trail is: trail.txt.2
The release is: 7.0
The product version is: 7.0.0.0
The product title is: Creo Simulate
-------------------------------------------------
Exception EXCEPTION_NONCONTINUABLE_EXCEPTION has occurred in the thread 2512.

Main Thread 2512
=====================
0x000007FEFCD7BDFD	NULL (NULL:0) (KERNELBASE:0x000007FEFCD70000) ( 0x87cd00, 0x2c5eb80, 0x7fffffff, 0xffffffff ) 
0x000007FEF0D5E049	NULL (NULL:0) (coretools_sh:0x000007FEF0CE0000) ( 0xf0dbe380, 0x45, 0x0, 0xf0dbe348 ) 
0x000007FEF0D5E3CC	NULL (NULL:0) (coretools_sh:0x000007FEF0CE0000) ( 0x87d2e0, 0x42010ca9, 0xffffffff, 0x25 ) 
0x000007FEF0D5E0B2	NULL (NULL:0) (coretools_sh:0x000007FEF0CE0000) ( 0x4bbc00a0, 0x4bbc0070, 0x10, 0xf8081888 ) 
0x00000001470AC7CA	NULL (NULL:0) (xtop:0x000000013F3F0000) ( 0x1, 0x87d700, 0x87d6e0, 0x87d698 ) 
0x0000000147051288	NULL (NULL:0) (xtop:0x000000013F3F0000) ( 0x87d819, 0x0, 0x1, 0x0 ) 
0x00000001470AA001	NULL (NULL:0) (xtop:0x000000013F3F0000) ( 0x7, 0x0, 0x0, 0x0 ) 
0x0000000146F9315A	NULL (NULL:0) (xtop:0x000000013F3F0000) ( 0xffffffff, 0x7, 0x87d790, 0x0 ) 
0x0000000146FC54CA	NULL (NULL:0) (xtop:0x000000013F3F0000) ( 0x0, 0x0, 0x0, 0x0 ) 
0x0000000146F6BD63	NULL (NULL:0) (xtop:0x000000013F3F0000) ( 0x480353e0, 0x0, 0x4b440001, 0x81e02b8 ) 
0x00000001462BB513	NULL (NULL:0) (xtop:0x000000013F3F0000) ( 0x18, 0x640, 0x319, 0xffffffff ) 
0x00000001462BA8D2	NULL (NULL:0) (xtop:0x000000013F3F0000) ( 0x1, 0x87ddc0, 0xf, 0x0 ) 
0x000000014052DC26	NULL (NULL:0) (xtop:0x000000013F3F0000) ( 0xed93e589, 0x87ddc0, 0xf, 0x0 ) 
0x0000000147E44577	NULL (NULL:0) (xtop:0x000000013F3F0000) ( 0x4bcf05c0, 0x1, 0x16f30, 0x0 ) 
0x0000000147E3E8B0	NULL (NULL:0) (xtop:0x000000013F3F0000) ( 0x4, 0x0, 0x4, 0x0 ) 
0x0000000147E3AF84	NULL (NULL:0) (xtop:0x000000013F3F0000) ( 0x1, 0x87f760, 0x3248ad8, 0xa11bd0 ) 
0x0000000147E3B07A	NULL (NULL:0) (xtop:0x000000013F3F0000) ( 0x3248ad8, 0x47e3aff0, 0xa11bf8, 0x87faa0 ) 
0x000007FEEBB4B1DC	NULL (NULL:0) (libui_sh:0x000007FEEB920000) ( 0x3248ad8, 0x47e3aff0, 0x87faa0, 0x0 ) 
0x000007FEEBB4CB7F	NULL (NULL:0) (libui_sh:0x000007FEEB920000) ( 0x47e3aff0, 0x0, 0x0, 0x0 ) 
0x000007FEEB93D8FD	NULL (NULL:0) (libui_sh:0x000007FEEB920000) ( 0xa, 0x4, 0x3248ad8, 0xb9025923 ) 
0x0000000147E38602	NULL (NULL:0) (xtop:0x000000013F3F0000) ( 0x0, 0x0, 0x0, 0x0 ) 
0x0000000076F5556D	NULL (NULL:0) (kernel32:0x0000000076F40000) ( 0x0, 0x0, 0x0, 0x0 ) 

Thread 2992
=====================
0x00000000771C9E3A	NULL (NULL:0) (ntdll:0x0000000077160000) ( 0x77079bdb, 0x2e212d0, 0x0, 0x0 ) 
0x000007FEFCD71420	NULL (NULL:0) (KERNELBASE:0x000007FEFCD70000) ( 0x426fa60, 0x426fa50, 0x0, 0x78 ) 
0x0000000076F61273	NULL (NULL:0) (kernel32:0x0000000076F40000) ( 0x426fae0, 0xffffffff, 0x1, 0x43c ) 
0x0000000077078F8D	NULL (NULL:0) (USER32:0x0000000077060000) ( 0x2e1fda0, 0xf0c878c0, 0x0, 0x150c64 ) 
0x0000000077076272	NULL (NULL:0) (USER32:0x0000000077060000) ( 0x2e1fda0, 0xf0c878c0, 0x0, 0x1 ) 
0x000007FEF0C794E3	NULL (NULL:0) (asyncoremt:0x000007FEF0C40000) ( 0x2e1fda0, 0x2e1fda0, 0x2e192f0, 0xf49ced48 ) 
0x000007FEF0C7361F	NULL (NULL:0) (asyncoremt:0x000007FEF0C40000) ( 0x2e1fda0, 0x2e20ea0, 0x31f7dc8, 0x2e192f0 ) 
0x000007FEF0C7337A	NULL (NULL:0) (asyncoremt:0x000007FEF0C40000) ( 0xc41070, 0x0, 0x2e20ea0, 0xf1482954 ) 
0x000007FEF0C7375F	NULL (NULL:0) (asyncoremt:0x000007FEF0C40000) ( 0x0, 0x0, 0x0, 0x0 ) 
0x000007FEF13ECD70	NULL (NULL:0) (ucrtbase:0x000007FEF13D0000) ( 0x0, 0x0, 0x0, 0x0 ) 
0x0000000076F5556D	NULL (NULL:0) (kernel32:0x0000000076F40000) ( 0x0, 0x0, 0x0, 0x0 ) 

Thread 2384
=====================
0x00000000771C9E3A	NULL (NULL:0) (ntdll:0x0000000077160000) ( 0x2e1ff00, 0xa00, 0xc315a8, 0x77187b9c ) 
0x000007FEFCD71420	NULL (NULL:0) (KERNELBASE:0x000007FEFCD70000) ( 0x4a5f9b0, 0x4a5f990, 0x0, 0xfcd718ca ) 
0x0000000076F61273	NULL (NULL:0) (kernel32:0x0000000076F40000) ( 0x4a5fa58, 0x10, 0x327a198, 0x0 ) 
0x000007FEF0C500E6	NULL (NULL:0) (asyncoremt:0x000007FEF0C40000) ( 0xbd38000b, 0xbd38000b, 0x1, 0x2e1ff00 ) 
0x000007FEF0C48C54	NULL (NULL:0) (asyncoremt:0x000007FEF0C40000) ( 0x1, 0x2e1feb0, 0x3, 0x0 ) 
0x000007FEF0C7953E	NULL (NULL:0) (asyncoremt:0x000007FEF0C40000) ( 0x31f7f00, 0xf49d0362, 0x31f7f00, 0xf49ced48 ) 
0x000007FEF0C7361F	NULL (NULL:0) (asyncoremt:0x000007FEF0C40000) ( 0x2e1feb0, 0x2e21360, 0x31f7dc8, 0x2e19340 ) 
0x000007FEF0C7337A	NULL (NULL:0) (asyncoremt:0x000007FEF0C40000) ( 0xc41070, 0x0, 0x2e21360, 0x0 ) 
0x000007FEF0C7375F	NULL (NULL:0) (asyncoremt:0x000007FEF0C40000) ( 0x0, 0x0, 0x0, 0x0 ) 
0x000007FEF13ECD70	NULL (NULL:0) (ucrtbase:0x000007FEF13D0000) ( 0x0, 0x0, 0x0, 0x0 ) 
0x0000000076F5556D	NULL (NULL:0) (kernel32:0x0000000076F40000) ( 0x0, 0x0, 0x0, 0x0 ) 

Thread 1600
=====================
0x00000000771C9E3A	NULL (NULL:0) (ntdll:0x0000000077160000) ( 0x0, 0xc34f90, 0x48, 0x1 ) 
0x000007FEFCD71420	NULL (NULL:0) (KERNELBASE:0x000007FEFCD70000) ( 0x528f670, 0x528f650, 0x0, 0x528f720 ) 
0x0000000076F61273	NULL (NULL:0) (kernel32:0x0000000076F40000) ( 0x528f718, 0x10, 0x327c418, 0x0 ) 
0x000007FEF0C500E6	NULL (NULL:0) (asyncoremt:0x000007FEF0C40000) ( 0xc75ec33f, 0xc75ec33f, 0x1, 0x2e20cd8 ) 
0x000007FEF0C48C54	NULL (NULL:0) (asyncoremt:0x000007FEF0C40000) ( 0x1, 0x2e20c80, 0x2e21820, 0xc88fe610 ) 
0x000007FEF0C795AE	NULL (NULL:0) (asyncoremt:0x000007FEF0C40000) ( 0x2e1eee8, 0xf49db6e1, 0x528f9a0, 0xf49de069 ) 
0x000007FEF0C73FE7	NULL (NULL:0) (asyncoremt:0x000007FEF0C40000) ( 0x2e20c80, 0x2e20c80, 0x2e19390, 0x2e20e80 ) 
0x000007FEF0C7361F	NULL (NULL:0) (asyncoremt:0x000007FEF0C40000) ( 0x2e20c80, 0x2e21820, 0x31f7dc8, 0x2e19390 ) 
0x000007FEF0C7337A	NULL (NULL:0) (asyncoremt:0x000007FEF0C40000) ( 0xc41070, 0x0, 0x2e21820, 0x0 ) 
0x000007FEF0C7375F	NULL (NULL:0) (asyncoremt:0x000007FEF0C40000) ( 0x0, 0x0, 0x0, 0x0 ) 
0x000007FEF13ECD70	NULL (NULL:0) (ucrtbase:0x000007FEF13D0000) ( 0x0, 0x0, 0x0, 0x0 ) 
0x0000000076F5556D	NULL (NULL:0) (kernel32:0x0000000076F40000) ( 0x0, 0x0, 0x0, 0x0 ) 

Thread 2356
=====================
0x00000000771C9E3A	NULL (NULL:0) (ntdll:0x0000000077160000) ( 0x1d, 0x0, 0x7716aa20, 0x7716aa20 ) 
0x000000007717332D	NULL (NULL:0) (ntdll:0x0000000077160000) ( 0x0, 0x0, 0x0, 0xbdc73844 ) 
0x0000000076F5556D	NULL (NULL:0) (kernel32:0x0000000076F40000) ( 0x0, 0x0, 0x0, 0x0 ) 

Thread 1908
=====================
0x00000000771C98CA	NULL (NULL:0) (ntdll:0x0000000077160000) ( 0x0, 0x0, 0xbb1010, 0xf49cd20d ) 
0x000007FEFCD710AC	NULL (NULL:0) (KERNELBASE:0x000007FEFCD70000) ( 0xa1a7f8, 0x0, 0x0, 0x4d4 ) 
0x000007FEF0634A8B	NULL (NULL:0) (baselibmt:0x000007FEF0600000) ( 0x0, 0x1, 0x0, 0x0 ) 
0x000007FEF0707D15	NULL (NULL:0) (baselibmt:0x000007FEF0600000) ( 0x0, 0x0, 0xa1a7e0, 0x7fffffff ) 
0x000007FEF13ECD70	NULL (NULL:0) (ucrtbase:0x000007FEF13D0000) ( 0x0, 0x0, 0x0, 0x0 ) 
0x0000000076F5556D	NULL (NULL:0) (kernel32:0x0000000076F40000) ( 0x0, 0x0, 0x0, 0x0 ) 

Thread 2796
=====================
0x00000000771CB18A	NULL (NULL:0) (ntdll:0x0000000077160000) ( 0x0, 0x9643f0, 0x0, 0x0 ) 
0x00000000772596E4	NULL (NULL:0) (ntdll:0x0000000077160000) ( 0x9643f0, 0x0, 0x9643f0, 0x0 ) 
0x0000000076F5556D	NULL (NULL:0) (kernel32:0x0000000076F40000) ( 0x0, 0x0, 0x0, 0x0 ) 

Thread 2348
=====================
0x00000000771C9E3A	NULL (NULL:0) (ntdll:0x0000000077160000) ( 0x0, 0x0, 0x0, 0x0 ) 
0x000007FEFCD71420	NULL (NULL:0) (KERNELBASE:0x000007FEFCD70000) ( 0x781fdd8, 0x781fdd0, 0x0, 0xfcea9ae7 ) 
0x0000000076F61273	NULL (NULL:0) (kernel32:0x0000000076F40000) ( 0x0, 0x0, 0x2c61d50, 0x0 ) 
0x000007FEFCE820DE	NULL (NULL:0) (CRYPT32:0x000007FEFCE80000) ( 0x0, 0x0, 0x0, 0x0 ) 
0x0000000076F5556D	NULL (NULL:0) (kernel32:0x0000000076F40000) ( 0x0, 0x0, 0x0, 0x0 ) 

Thread 596
=====================
0x00000000771C9BCA	NULL (NULL:0) (ntdll:0x0000000077160000) ( 0x8c0fde8, 0x2e27cb0, 0x0, 0x2e27c40 ) 
0x000007FEFCD71203	NULL (NULL:0) (KERNELBASE:0x000007FEFCD70000) ( 0x0, 0x0, 0x0, 0x0 ) 
0x00000001406230FF	NULL (NULL:0) (xtop:0x000000013F3F0000) ( 0x2e24af0, 0x2e199d0, 0x31f7dc8, 0x2e27cb0 ) 
0x000007FEF0C7361F	NULL (NULL:0) (asyncoremt:0x000007FEF0C40000) ( 0x2e24af0, 0x2e27cd0, 0x31f7dc8, 0x2e199d0 ) 
0x000007FEF0C7337A	NULL (NULL:0) (asyncoremt:0x000007FEF0C40000) ( 0xc41070, 0x0, 0x2e27cd0, 0x0 ) 
0x000007FEF0C7375F	NULL (NULL:0) (asyncoremt:0x000007FEF0C40000) ( 0x0, 0x0, 0x0, 0x0 ) 
0x000007FEF13ECD70	NULL (NULL:0) (ucrtbase:0x000007FEF13D0000) ( 0x0, 0x0, 0x0, 0x0 ) 
0x0000000076F5556D	NULL (NULL:0) (kernel32:0x0000000076F40000) ( 0x0, 0x0, 0x0, 0x0 ) 

Thread 328
=====================
0x00000000771CB18A	NULL (NULL:0) (ntdll:0x0000000077160000) ( 0x0, 0x964120, 0x0, 0x0 ) 
0x00000000772596E4	NULL (NULL:0) (ntdll:0x0000000077160000) ( 0x964120, 0x0, 0x964120, 0x0 ) 
0x0000000076F5556D	NULL (NULL:0) (kernel32:0x0000000076F40000) ( 0x0, 0x0, 0x0, 0x0 ) 

Thread 2176
=====================
0x00000000771CB18A	NULL (NULL:0) (ntdll:0x0000000077160000) ( 0x0, 0x0, 0xf949d9e0, 0x964210 ) 
0x00000000772596E4	NULL (NULL:0) (ntdll:0x0000000077160000) ( 0x964210, 0x10001, 0x964210, 0x377ec90 ) 
0x0000000076F5556D	NULL (NULL:0) (kernel32:0x0000000076F40000) ( 0x0, 0x0, 0x0, 0x0 ) 

Thread 2592
=====================
0x00000000771CB18A	NULL (NULL:0) (ntdll:0x0000000077160000) ( 0x0, 0x964210, 0x0, 0x0 ) 
0x00000000772596E4	NULL (NULL:0) (ntdll:0x0000000077160000) ( 0x964210, 0x0, 0x964210, 0x0 ) 
0x0000000076F5556D	NULL (NULL:0) (kernel32:0x0000000076F40000) ( 0x0, 0x0, 0x0, 0x0 ) 

Thread 656
=====================
0x00000000771C9E3A	NULL (NULL:0) (ntdll:0x0000000077160000) ( 0x0, 0x0, 0x0, 0x0 ) 
0x000007FEFCD71420	NULL (NULL:0) (KERNELBASE:0x000007FEFCD70000) ( 0x9fef9a0, 0x9fef990, 0x0, 0x0 ) 
0x0000000076F50260	NULL (NULL:0) (kernel32:0x0000000076F40000) ( 0x0, 0x0, 0x0, 0x0 ) 
0x0000000146230078	NULL (NULL:0) (xtop:0x000000013F3F0000) ( 0x0, 0x0, 0x0, 0x0 ) 
0x0000000076F5556D	NULL (NULL:0) (kernel32:0x0000000076F40000) ( 0x0, 0x0, 0x0, 0x0 ) 

Thread 2980
=====================
0x00000000771C98CA	NULL (NULL:0) (ntdll:0x0000000077160000) ( 0x0, 0xf49dc57a, 0xc44260, 0x2e21d18 ) 
0x000007FEFCD710AC	NULL (NULL:0) (KERNELBASE:0x000007FEFCD70000) ( 0x31f7dc8, 0x40, 0x0, 0x7bc ) 
0x000007FEF0634AB7	NULL (NULL:0) (baselibmt:0x000007FEF0600000) ( 0x2e24cf0, 0x2e289c0, 0x31f7dc8, 0x2e19e80 ) 
0x000007FEF0C73465	NULL (NULL:0) (asyncoremt:0x000007FEF0C40000) ( 0xc41070, 0x0, 0x2e289c0, 0x0 ) 
0x000007FEF0C7375F	NULL (NULL:0) (asyncoremt:0x000007FEF0C40000) ( 0x0, 0x0, 0x0, 0x0 ) 
0x000007FEF13ECD70	NULL (NULL:0) (ucrtbase:0x000007FEF13D0000) ( 0x0, 0x0, 0x0, 0x0 ) 
0x0000000076F5556D	NULL (NULL:0) (kernel32:0x0000000076F40000) ( 0x0, 0x0, 0x0, 0x0 ) 
